<?xml version="1.0" encoding="UTF-8"?>
<testsuite name="CircleCalculatorTests" tests="3" skipped="0" failures="0" errors="0" timestamp="2023-03-25T11:31:20" hostname="DESKTOP-N3DP11M" time="0.065">
  <properties/>
  <testcase name="testCalculateCircleArea1()" classname="CircleCalculatorTests" time="0.057"/>
  <testcase name="testCalculateCircleArea2()" classname="CircleCalculatorTests" time="0.003"/>
  <testcase name="testCalculateCircleLength()" classname="CircleCalculatorTests" time="0.003"/>
  <system-out><![CDATA[Running Test
Test complete
Running Test
Test complete
Running Test
Test complete
]]></system-out>
  <system-err><![CDATA[]]></system-err>
</testsuite>
