<?xml version="1.0" encoding="UTF-8"?>
<testsuite name="CalculatorTests" tests="2" skipped="0" failures="0" errors="0" timestamp="2023-03-25T11:30:58" hostname="DESKTOP-N3DP11M" time="0.077">
  <properties/>
  <testcase name="testSum()" classname="CalculatorTests" time="0.066"/>
  <testcase name="testSubtraction()" classname="CalculatorTests" time="0.009"/>
  <system-out><![CDATA[Running Test
Test complete
Running Test
Test complete
]]></system-out>
  <system-err><![CDATA[]]></system-err>
</testsuite>
